make all --print-data-base --no-builtin-variables --no-builtin-rules --question
# GNU Make 3.81
# Copyright (C) 2006  Free Software Foundation, Inc.
# This is free software; see the source for copying conditions.
# There is NO warranty; not even for MERCHANTABILITY or FITNESS FOR A
# PARTICULAR PURPOSE.

# This program built for i386-apple-darwin11.3.0
 

# Make data base, printed on Tue Apr 12 08:04:52 2022

# Variables

# automatic
<D = $(patsubst %/,%,$(dir $<))
# automatic
?F = $(notdir $?)
# makefile (from `Makefile', line 59)
SUR = \033[7m
# environment
VSCODE_LOG_NATIVE = false
# automatic
?D = $(patsubst %/,%,$(dir $?))
# automatic
@D = $(patsubst %/,%,$(dir $@))
# automatic
@F = $(notdir $@)
# makefile
CURDIR := /Users/amiguez/Desktop/so_long
# makefile (from `Makefile', line 54)
PINK = \033[35m
# makefile
SHELL = /bin/sh
# environment
VSCODE_NLS_CONFIG = {"locale":"fr","availableLanguages":{},"_languagePackSupport":true}
# environment
_ = /usr/bin/make
# makefile (from `Makefile', line 44)
CFLAGS := 
# makefile (from `Makefile', line 53)
BLUE = \033[34m
# makefile (from `Makefile', line 1)
MAKEFILE_LIST :=  Makefile
# environment
VSCODE_VERBOSE_LOGGING = true
# makefile (from `Makefile', line 32)
OBJS := .objs/main.o
# makefile (from `Makefile', line 17)
LST_SRCS := main.c
# makefile (from `Makefile', line 33)
INCS := ./so_long.h
# environment
VSCODE_IPC_HOOK_EXTHOST = /var/folders/zz/zyxvpxvq6csfxvn_n000b7lh002sww/T/vscode-ipc-75963df7-e421-4ee9-ae85-28f79a95ddb3.sock
# environment
VSCODE_CWD = /
# environment
Apple_PubSub_Socket_Render = /private/tmp/com.apple.launchd.HPA7eDvUCX/Render
# environment
PATH = /usr/local/bin:/usr/bin:/bin:/usr/sbin:/sbin:/Library/TeX/texbin:/usr/local/munki:/opt/X11/bin
# makefile (from `Makefile', line 25)
DIR_OBJS := .objs
# makefile (from `Makefile', line 57)
BOLD = \033[1m
# environment
LSCOLORS = Gxfxcxdxbxegedabagacad
# makefile (from `Makefile', line 60)
END = \033[0m
# makefile (from `Makefile', line 63)
NORMINETTE = $(shell norminette $(SRCS) $(INCS) | grep -i 'Error!')
# environment
VSCODE_LOG_STACK = false
# environment
ELECTRON_RUN_AS_NODE = 1
# default
.FEATURES := target-specific order-only second-expansion else-if archives jobserver check-symlink
# environment
SSH_AUTH_SOCK = /private/tmp/com.apple.launchd.6lrlC67FOu/Listeners
# automatic
%F = $(notdir $%)
# environment
DISPLAY = /private/tmp/com.apple.launchd.xCsDlMoQLy/org.xquartz:0
# environment
VSCODE_PIPE_LOGGING = true
# environment
PWD = /Users/amiguez/Desktop/so_long
# makefile (from `Makefile', line 49)
GREY = \033[30m
# environment
ORIGINAL_XDG_CURRENT_DESKTOP = undefined
# makefile (from `Makefile', line 51)
GREEN = \033[32m
# environment
VSCODE_AMD_ENTRYPOINT = vs/workbench/services/extensions/node/extensionHostProcess
# environment
HOME = /Users/amiguez
# default
MAKEFILEPATH := /Applications/Xcode.app/Contents/Developer/Makefiles
# makefile (from `Makefile', line 62)
NORMITEST = 
# environment
VSCODE_CODE_CACHE_PATH = /Users/amiguez/Library/Application Support/Code/CachedData/899d46d82c4c95423fb7e10e68eba52050e30ba3
# environment
LOGNAME = amiguez
# environment
APPLICATION_INSIGHTS_NO_DIAGNOSTIC_CHANNEL = true
# environment
ZSH = /Users/amiguez/.oh-my-zsh
# environment
VSCODE_HANDLES_UNCAUGHT_ERRORS = true
# automatic
^D = $(patsubst %/,%,$(dir $^))
# environment
XPC_FLAGS = 0x0
# default
MAKE = $(MAKE_COMMAND)
# default
MAKECMDGOALS := all
# makefile (from `Makefile', line 31)
SRCS := srcs/main.c
# environment
SHLVL = 1
# makefile (from `Makefile', line 56)
WHITE = \033[37m
# makefile (from `Makefile', line 38)
LIBFT := libft/libft.a
# makefile (from `Makefile', line 43)
CC := gcc
# makefile (from `Makefile', line 24)
DIR_SRCS := srcs
# makefile (from `Makefile', line 48)
ERASE = \033[2K\r
# makefile (from `Makefile', line 19)
LST_INCS := so_long.h
# default
MAKE_VERSION := 3.81
# environment
USER = amiguez
# makefile
.DEFAULT_GOAL := all
# makefile (from `Makefile', line 13)
NAME := so_long
# environment
LESS = -R
# automatic
%D = $(patsubst %/,%,$(dir $%))
# default
MAKE_COMMAND := /Applications/Xcode.app/Contents/Developer/usr/bin/make
# default
.VARIABLES := 
# environment
TMPDIR = /var/folders/zz/zyxvpxvq6csfxvn_n000b7lh002sww/T/
# automatic
*F = $(notdir $*)
# environment
VSCODE_IPC_HOOK = /Users/amiguez/Library/Application Support/Code/1.63.2-main.sock
# makefile (from `Makefile', line 58)
UNDER = \033[4m
# makefile (from `Makefile', line 50)
RED = \033[31m
# makefile
MAKEFLAGS = Rrqp
# environment
MFLAGS = -Rrqp
# automatic
*D = $(patsubst %/,%,$(dir $*))
# environment
XPC_SERVICE_NAME = com.microsoft.VSCode.1344
# automatic
+D = $(patsubst %/,%,$(dir $+))
# makefile (from `Makefile', line 52)
YELLOW = \033[33m
# makefile (from `Makefile', line 55)
CYAN = \033[36m
# automatic
+F = $(notdir $+)
# environment
__CF_USER_TEXT_ENCODING = 0x1679C:0x0:0x0
# default
MAKEFILES := 
# automatic
<F = $(notdir $<)
# makefile (from `Makefile', line 20)
AR_LIBFT := libft.a
# environment
PAGER = less
# environment
LC_ALL = C
# makefile (from `Makefile', line 18)
LST_OBJS := main.o
# makefile (from `Makefile', line 27)
DIR_LIBFT := libft
# automatic
^F = $(notdir $^)
# default
SUFFIXES := 
# default
.INCLUDE_DIRS = /usr/local/include
# environment
MAKELEVEL := 0
# environment
LANG = C
# environment
VSCODE_PID = 77220
# makefile (from `Makefile', line 26)
DIR_INCS := .
# variable set hash-table stats:
# Load=96/1024=9%, Rehash=0, Collisions=6/144=4%

# Pattern-specific Variable Values

# No pattern-specific variable values.

# Directories

# . (device 16777229, inode 1909540): 12 files, no impossibilities.
# srcs (device 16777229, inode 1909776): 3 files, no impossibilities so far.

# 15 files, no impossibilities in 2 directories.

# Implicit Rules

.objs/%.o: srcs/%.c ./so_long.h Makefile | .objs
#  commands to execute (from `Makefile', line 73):
	$(CC) $(CFLAGS) -Imlx -c $< -o $@
	

# 1 implicit rules, 0 (0.0%) terminal.

# Files

.objs/main.o: srcs/main.c so_long.h Makefile | .objs
#  Implicit rule search has been done.
#  Implicit/static pattern stem: `main'
#  Last modified 2022-04-12 07:53:08
#  File has been updated.
#  Needs to be updated (-q is set).
# automatic
# @ := .objs/main.o
# automatic
# % := 
# automatic
# * := main
# automatic
# + := srcs/main.c so_long.h Makefile
# automatic
# | := .objs
# automatic
# < := srcs/main.c
# automatic
# ^ := srcs/main.c so_long.h Makefile
# automatic
# ? := srcs/main.c
# variable set hash-table stats:
# Load=8/32=25%, Rehash=0, Collisions=1/14=7%
#  commands to execute (from `Makefile', line 73):
	$(CC) $(CFLAGS) -Imlx -c $< -o $@
	

all: so_long
#  Phony target (prerequisite of .PHONY).
#  Command-line target.
#  Implicit rule search has not been done.
#  File does not exist.
#  File has been updated.
#  Needs to be updated (-q is set).
# variable set hash-table stats:
# Load=0/32=0%, Rehash=0, Collisions=0/4=0%

.PHONY: all clean fclean re
#  Implicit rule search has not been done.
#  Modification time never checked.
#  File has not been updated.

# Not a target:
.SUFFIXES:
#  Implicit rule search has not been done.
#  Modification time never checked.
#  File has not been updated.

# Not a target:
Makefile:
#  Implicit rule search has been done.
#  Last modified 2022-04-12 07:53:04
#  File has been updated.
#  Successfully updated.
# variable set hash-table stats:
# Load=0/32=0%, Rehash=0, Collisions=0/0=0%

# Not a target:
srcs/main.c:
#  Implicit rule search has been done.
#  Last modified 2022-04-12 08:02:32
#  File has been updated.
#  Successfully updated.
# variable set hash-table stats:
# Load=0/32=0%, Rehash=0, Collisions=0/0=0%

# Not a target:
so_long.h:
#  Implicit rule search has been done.
#  Last modified 2022-04-12 06:45:22
#  File has been updated.
#  Successfully updated.
# variable set hash-table stats:
# Load=0/32=0%, Rehash=0, Collisions=0/0=0%

.objs:
#  Implicit rule search has not been done.
#  Last modified 2022-04-12 07:53:08
#  File has been updated.
#  Successfully updated.
#  commands to execute (from `Makefile', line 76):
	mkdir -p $@
	

libft/libft.a:
#  Implicit rule search has not been done.
#  Modification time never checked.
#  File has not been updated.
#  commands to execute (from `Makefile', line 79):
	make -C libft
	

fclean: clean
#  Phony target (prerequisite of .PHONY).
#  Implicit rule search has not been done.
#  File does not exist.
#  File has not been updated.
#  commands to execute (from `Makefile', line 87):
	rm -rf $(NAME)
	

# Not a target:
.DEFAULT:
 
#  Implicit rule search has not been done.
#  Modification time never checked.
#  File has not been updated.

re: fclean all
#  Phony target (prerequisite of .PHONY).
#  Implicit rule search has not been done.
#  File does not exist.
#  File has not been updated.

clean:
#  Phony target (prerequisite of .PHONY).
#  Implicit rule search has not been done.
#  File does not exist.
#  File has not been updated.
#  commands to execute (from `Makefile', line 84):
	rm -rf $(DIR_OBJS)
	

so_long: .objs/main.o libft/libft.a
#  Implicit rule search has not been done.
#  Last modified 2022-04-12 07:53:08
#  File has been updated.
#  Needs to be updated (-q is set).
# variable set hash-table stats:
# Load=0/32=0%, Rehash=0, Collisions=0/4=0%
#  commands to execute (from `Makefile', line 70):
	$(CC) $(CFLAGS) $(OBJS) -I $(LIBFT) minilibx_opengl_20191021/libmlx.a  -framework OpenGL -framework AppKit -v -o $(NAME)
	

# files hash-table stats:
# Load=14/1024=1%, Rehash=0, Collisions=0/46=0%
# VPATH Search Paths

# No `vpath' search paths.

# No general (`VPATH' variable) search path.

# # of strings in strcache: 1
# # of strcache buffers: 1
# strcache size: total = 4096 / max = 4096 / min = 4096 / avg = 4096
# strcache free: total = 4087 / max = 4087 / min = 4087 / avg = 4087

# Finished Make data base on Tue Apr 12 08:04:52 2022

 
